[0;35m0 1 has taken a fork[0m
[0;35m0 5 has taken a fork[0m
[0;35m0 3 has taken a fork[0m
[0;35m0 5 has taken a fork[0m
[0;35m0 3 has taken a fork[0m
[0;33m0 5 is eating[0m
[0;33m0 3 is eating[0m
[0;35m200 1 has taken a fork[0m
[0;34m200 5 is sleeping[0m
[0;33m200 1 is eating[0m
[0;35m200 4 has taken a fork[0m
[0;34m200 3 is sleeping[0m
[0;35m200 4 has taken a fork[0m
[0;33m200 4 is eating[0m
[0;34m400 4 is sleeping[0m
[0;35m400 2 has taken a fork[0m
[0;32m400 5 is thinking[0m
[0;35m400 2 has taken a fork[0m
[0;34m400 1 is sleeping[0m
[0;33m400 2 is eating[0m
[0;32m400 3 is thinking[0m
[0;35m405 3 has taken a fork[0m
[0;35m405 5 has taken a fork[0m
[0;35m405 5 has taken a fork[0m
[0;33m405 5 is eating[0m
[0;35m600 3 has taken a fork[0m
[0;32m600 4 is thinking[0m
[0;34m600 2 is sleeping[0m
[0;33m600 3 is eating[0m
[0;32m600 1 is thinking[0m
[0;35m605 1 has taken a fork[0m
[0;35m605 1 has taken a fork[0m
[0;34m605 5 is sleeping[0m
[0;33m605 1 is eating[0m
[0;35m800 4 has taken a fork[0m
[0;32m800 2 is thinking[0m
[0;34m800 3 is sleeping[0m
[0;35m800 4 has taken a fork[0m
[0;33m800 4 is eating[0m
[0;35m805 2 has taken a fork[0m
[0;32m805 5 is thinking[0m
[0;34m805 1 is sleeping[0m
[0;35m805 2 has taken a fork[0m
[0;33m805 2 is eating[0m
[0;35m805 5 has taken a fork[0m
[0;35m1000 5 has taken a fork[0m
[0;34m1000 4 is sleeping[0m
[0;33m1000 5 is eating[0m
[0;32m1000 3 is thinking[0m
[0;35m1000 3 has taken a fork[0m
[0;35m1005 3 has taken a fork[0m
[0;32m1005 1 is thinking[0m
[0;34m1005 2 is sleeping[0m
[0;33m1005 3 is eating[0m
[0;35m1005 1 has taken a fork[0m
[0;35m1200 1 has taken a fork[0m
[0;33m1200 1 is eating[0m
[0;32m1200 4 is thinking[0m
[0;34m1200 5 is sleeping[0m
[0;35m1205 4 has taken a fork[0m
[0;34m1205 3 is sleeping[0m
[0;35m1205 4 has taken a fork[0m
[0;32m1205 2 is thinking[0m
[0;33m1205 4 is eating[0m
[0;32m1400 5 is thinking[0m
[0;35m1400 2 has taken a fork[0m
[0;34m1400 1 is sleeping[0m
[0;35m1400 2 has taken a fork[0m
[0;33m1400 2 is eating[0m
[0;35m1405 5 has taken a fork[0m
[0;32m1405 3 is thinking[0m
[0;34m1405 4 is sleeping[0m
[0;35m1405 5 has taken a fork[0m
[0;33m1405 5 is eating[0m
[0;35m1410 3 has taken a fork[0m
[0;35m1600 3 has taken a fork[0m
[0;32m1600 1 is thinking[0m
[0;34m1600 2 is sleeping[0m
[0;33m1600 3 is eating[0m
[0;35m1605 1 has taken a fork[0m
[0;35m1605 1 has taken a fork[0m
[0;32m1605 4 is thinking[0m
[0;34m1605 5 is sleeping[0m
[0;33m1605 1 is eating[0m
[0;32m1800 2 is thinking[0m
[0;35m1800 4 has taken a fork[0m
[0;34m1800 3 is sleeping[0m
[0;35m1800 4 has taken a fork[0m
[0;33m1800 4 is eating[0m
[0;35m1805 2 has taken a fork[0m
[0;32m1805 5 is thinking[0m
[0;34m1805 1 is sleeping[0m
[0;35m1805 2 has taken a fork[0m
[0;33m1805 2 is eating[0m
[0;35m1805 5 has taken a fork[0m
[0;35m2000 5 has taken a fork[0m
[0;33m2000 5 is eating[0m
[0;34m2000 4 is sleeping[0m
[0;32m2000 3 is thinking[0m
[0;35m2000 3 has taken a fork[0m
[0;32m2005 1 is thinking[0m
[0;35m2005 3 has taken a fork[0m
[0;33m2005 3 is eating[0m
[0;34m2005 2 is sleeping[0m
[0;35m2005 1 has taken a fork[0m
[0;34m2200 5 is sleeping[0m
[0;35m2200 1 has taken a fork[0m
[0;33m2200 1 is eating[0m
[0;32m2200 4 is thinking[0m
[0;35m2205 4 has taken a fork[0m
[0;34m2205 3 is sleeping[0m
[0;32m2205 2 is thinking[0m
[0;35m2205 4 has taken a fork[0m
[0;33m2205 4 is eating[0m
[0;32m2400 5 is thinking[0m
[0;35m2400 2 has taken a fork[0m
[0;34m2400 1 is sleeping[0m
[0;35m2400 2 has taken a fork[0m
[0;33m2400 2 is eating[0m
[0;32m2405 3 is thinking[0m
[0;35m2405 5 has taken a fork[0m
[0;34m2405 4 is sleeping[0m
[0;35m2405 5 has taken a fork[0m
[0;33m2405 5 is eating[0m
[0;35m2410 3 has taken a fork[0m
[0;32m2600 1 is thinking[0m
[0;35m2600 3 has taken a fork[0m
[0;34m2600 2 is sleeping[0m
[0;33m2600 3 is eating[0m
[0;35m2605 1 has taken a fork[0m
[0;35m2605 1 has taken a fork[0m
[0;34m2605 5 is sleeping[0m
[0;32m2605 4 is thinking[0m
[0;33m2605 1 is eating[0m
[0;32m2800 2 is thinking[0m
[0;34m2800 3 is sleeping[0m
[0;35m2800 4 has taken a fork[0m
[0;35m2800 4 has taken a fork[0m
[0;33m2800 4 is eating[0m
[0;35m2805 2 has taken a fork[0m
[0;34m2805 1 is sleeping[0m
[0;35m2805 2 has taken a fork[0m
[0;32m2805 5 is thinking[0m
[0;33m2805 2 is eating[0m
[0;35m2805 5 has taken a fork[0m
[0;35m3000 5 has taken a fork[0m
[0;34m3000 4 is sleeping[0m
[0;32m3000 3 is thinking[0m
[0;33m3000 5 is eating[0m
[0;35m3000 3 has taken a fork[0m
[0;32m3005 1 is thinking[0m
[0;35m3005 3 has taken a fork[0m
[0;34m3005 2 is sleeping[0m
[0;33m3005 3 is eating[0m
[0;35m3005 1 has taken a fork[0m
[0;35m3200 1 has taken a fork[0m
[0;34m3200 5 is sleeping[0m
[0;33m3200 1 is eating[0m
[0;32m3200 4 is thinking[0m
[0;35m3205 4 has taken a fork[0m
[0;32m3205 2 is thinking[0m
[0;34m3205 3 is sleeping[0m
[0;35m3205 4 has taken a fork[0m
[0;33m3205 4 is eating[0m
[0;35m3400 2 has taken a fork[0m
[0;34m3400 1 is sleeping[0m
[0;35m3400 2 has taken a fork[0m
[0;32m3400 5 is thinking[0m
[0;33m3400 2 is eating[0m
[0;35m3405 5 has taken a fork[0m
[0;32m3405 3 is thinking[0m
[0;34m3405 4 is sleeping[0m
[0;35m3405 5 has taken a fork[0m
[0;33m3405 5 is eating[0m
[0;35m3410 3 has taken a fork[0m
[0;35m3600 3 has taken a fork[0m
[0;34m3600 2 is sleeping[0m
[0;33m3600 3 is eating[0m
[0;32m3600 1 is thinking[0m
[0;35m3605 1 has taken a fork[0m
[0;34m3605 5 is sleeping[0m
[0;35m3605 1 has taken a fork[0m
[0;32m3605 4 is thinking[0m
[0;33m3605 1 is eating[0m
[0;35m3800 4 has taken a fork[0m
[0;34m3800 3 is sleeping[0m
[0;32m3800 2 is thinking[0m
[0;35m3800 4 has taken a fork[0m
[0;33m3800 4 is eating[0m
[0;35m3805 2 has taken a fork[0m
[0;32m3805 5 is thinking[0m
[0;34m3805 1 is sleeping[0m
[0;35m3805 2 has taken a fork[0m
[0;33m3805 2 is eating[0m
[0;35m3805 5 has taken a fork[0m
[0;32m4000 3 is thinking[0m
[0;35m4000 5 has taken a fork[0m
[0;34m4000 4 is sleeping[0m
[0;33m4000 5 is eating[0m
[0;35m4000 3 has taken a fork[0m
[0;35m4005 3 has taken a fork[0m
[0;32m4005 1 is thinking[0m
[0;33m4005 3 is eating[0m
[0;34m4005 2 is sleeping[0m
[0;35m4005 1 has taken a fork[0m
[0;35m4200 1 has taken a fork[0m
[0;32m4200 4 is thinking[0m
[0;34m4200 5 is sleeping[0m
[0;33m4200 1 is eating[0m
[0;35m4205 4 has taken a fork[0m
[0;32m4205 2 is thinking[0m
[0;34m4205 3 is sleeping[0m
[0;35m4205 4 has taken a fork[0m
[0;33m4205 4 is eating[0m
[0;35m4400 2 has taken a fork[0m
[0;34m4400 1 is sleeping[0m
[0;35m4400 2 has taken a fork[0m
[0;33m4400 2 is eating[0m
[0;32m4400 5 is thinking[0m
[0;35m4405 5 has taken a fork[0m
[0;32m4405 3 is thinking[0m
[0;34m4405 4 is sleeping[0m
[0;35m4405 5 has taken a fork[0m
[0;33m4405 5 is eating[0m
[0;35m4410 3 has taken a fork[0m
[0;35m4600 3 has taken a fork[0m
[0;32m4600 1 is thinking[0m
[0;34m4600 2 is sleeping[0m
[0;33m4600 3 is eating[0m
[0;35m4605 1 has taken a fork[0m
[0;34m4605 5 is sleeping[0m
[0;32m4605 4 is thinking[0m
[0;35m4605 1 has taken a fork[0m
[0;33m4605 1 is eating[0m
[0;32m4800 2 is thinking[0m
[0;34m4800 3 is sleeping[0m
[0;35m4800 4 has taken a fork[0m
[0;35m4800 4 has taken a fork[0m
[0;33m4800 4 is eating[0m
[0;35m4805 2 has taken a fork[0m
[0;32m4805 5 is thinking[0m
[0;35m4805 2 has taken a fork[0m
[0;34m4805 1 is sleeping[0m
[0;33m4805 2 is eating[0m
[0;35m4805 5 has taken a fork[0m
[0;34m5000 4 is sleeping[0m
[0;32m5000 3 is thinking[0m
[0;35m5000 5 has taken a fork[0m
[0;33m5000 5 is eating[0m
[0;35m5000 3 has taken a fork[0m
[0;35m5005 3 has taken a fork[0m
[0;34m5005 2 is sleeping[0m
[0;32m5005 1 is thinking[0m
[0;33m5005 3 is eating[0m
[0;35m5005 1 has taken a fork[0m
[0;35m5200 1 has taken a fork[0m
[0;34m5200 5 is sleeping[0m
[0;33m5200 1 is eating[0m
[0;32m5200 4 is thinking[0m
[0;35m5205 4 has taken a fork[0m
[0;32m5205 2 is thinking[0m
[0;34m5205 3 is sleeping[0m
[0;35m5205 4 has taken a fork[0m
[0;33m5205 4 is eating[0m
[0;35m5400 2 has taken a fork[0m
[0;32m5400 5 is thinking[0m
[0;34m5400 1 is sleeping[0m
[0;35m5400 2 has taken a fork[0m
[0;33m5400 2 is eating[0m
[0;35m5405 5 has taken a fork[0m
[0;35m5405 5 has taken a fork[0m
[0;32m5405 3 is thinking[0m
[0;34m5405 4 is sleeping[0m
[0;33m5405 5 is eating[0m
[0;35m5410 3 has taken a fork[0m
[0;32m5600 1 is thinking[0m
[0;34m5600 2 is sleeping[0m
[0;35m5600 3 has taken a fork[0m
[0;33m5600 3 is eating[0m
[0;35m5605 1 has taken a fork[0m
[0;34m5605 5 is sleeping[0m
[0;32m5605 4 is thinking[0m
[0;35m5605 1 has taken a fork[0m
[0;33m5605 1 is eating[0m
[0;35m5800 4 has taken a fork[0m
[0;34m5800 3 is sleeping[0m
[0;32m5800 2 is thinking[0m
[0;35m5800 4 has taken a fork[0m
[0;33m5800 4 is eating[0m
[0;35m5805 2 has taken a fork[0m
[0;34m5805 1 is sleeping[0m
[0;35m5805 2 has taken a fork[0m
[0;32m5805 5 is thinking[0m
[0;33m5805 2 is eating[0m
[0;35m5805 5 has taken a fork[0m
[0;35m6000 5 has taken a fork[0m
[0;34m6000 4 is sleeping[0m
[0;33m6000 5 is eating[0m
[0;32m6000 3 is thinking[0m
[0;35m6000 3 has taken a fork[0m
[0;35m6005 3 has taken a fork[0m
[0;34m6005 2 is sleeping[0m
[0;33m6005 3 is eating[0m
[0;32m6005 1 is thinking[0m
[0;35m6005 1 has taken a fork[0m
[0;35m6200 1 has taken a fork[0m
[0;34m6200 5 is sleeping[0m
[0;33m6200 1 is eating[0m
[0;32m6200 4 is thinking[0m
[0;32m6205 2 is thinking[0m
[0;35m6205 4 has taken a fork[0m
[0;35m6205 4 has taken a fork[0m
[0;34m6205 3 is sleeping[0m
[0;33m6205 4 is eating[0m
[0;32m6400 5 is thinking[0m
[0;35m6400 2 has taken a fork[0m
[0;34m6400 1 is sleeping[0m
[0;35m6400 2 has taken a fork[0m
[0;33m6400 2 is eating[0m
[0;35m6405 5 has taken a fork[0m
[0;32m6405 3 is thinking[0m
[0;34m6405 4 is sleeping[0m
[0;35m6405 5 has taken a fork[0m
[0;33m6405 5 is eating[0m
[0;35m6410 3 has taken a fork[0m
[0;35m6600 3 has taken a fork[0m
[0;32m6600 1 is thinking[0m
[0;34m6600 2 is sleeping[0m
[0;33m6600 3 is eating[0m
[0;35m6605 1 has taken a fork[0m
[0;32m6605 4 is thinking[0m
[0;34m6605 5 is sleeping[0m
[0;35m6605 1 has taken a fork[0m
[0;33m6605 1 is eating[0m
[0;35m6800 4 has taken a fork[0m
[0;34m6800 3 is sleeping[0m
[0;35m6800 4 has taken a fork[0m
[0;33m6800 4 is eating[0m
[0;32m6800 2 is thinking[0m
[0;34m6805 1 is sleeping[0m
[0;35m6805 2 has taken a fork[0m
[0;32m6805 5 is thinking[0m
[0;35m6805 2 has taken a fork[0m
[0;33m6805 2 is eating[0m
[0;35m6805 5 has taken a fork[0m
[0;35m7000 5 has taken a fork[0m
[0;32m7000 3 is thinking[0m
[0;34m7000 4 is sleeping[0m
[0;33m7000 5 is eating[0m
[0;35m7000 3 has taken a fork[0m
[0;35m7005 3 has taken a fork[0m
[0;34m7005 2 is sleeping[0m
[0;33m7005 3 is eating[0m
[0;32m7005 1 is thinking[0m
[0;35m7005 1 has taken a fork[0m
[0;35m7200 1 has taken a fork[0m
[0;34m7200 5 is sleeping[0m
[0;33m7200 1 is eating[0m
[0;32m7200 4 is thinking[0m
[0;35m7205 4 has taken a fork[0m
[0;35m7205 4 has taken a fork[0m
[0;34m7205 3 is sleeping[0m
[0;32m7205 2 is thinking[0m
[0;33m7205 4 is eating[0m
[0;35m7400 2 has taken a fork[0m
[0;34m7400 1 is sleeping[0m
[0;32m7400 5 is thinking[0m
[0;35m7400 2 has taken a fork[0m
[0;33m7400 2 is eating[0m
[0;35m7405 5 has taken a fork[0m
[0;32m7405 3 is thinking[0m
[0;34m7405 4 is sleeping[0m
[0;35m7405 5 has taken a fork[0m
[0;33m7405 5 is eating[0m
[0;35m7410 3 has taken a fork[0m
[0;35m7600 3 has taken a fork[0m
[0;34m7600 2 is sleeping[0m
[0;32m7600 1 is thinking[0m
[0;33m7600 3 is eating[0m
[0;35m7605 1 has taken a fork[0m
[0;32m7605 4 is thinking[0m
[0;34m7605 5 is sleeping[0m
[0;35m7605 1 has taken a fork[0m
[0;33m7605 1 is eating[0m
[0;35m7800 4 has taken a fork[0m
[0;34m7800 3 is sleeping[0m
[0;32m7800 2 is thinking[0m
[0;35m7800 4 has taken a fork[0m
[0;33m7800 4 is eating[0m
[0;35m7805 2 has taken a fork[0m
[0;32m7805 5 is thinking[0m
[0;34m7805 1 is sleeping[0m
[0;35m7805 2 has taken a fork[0m
[0;33m7805 2 is eating[0m
[0;35m7805 5 has taken a fork[0m
[0;35m8000 5 has taken a fork[0m
[0;34m8000 4 is sleeping[0m
[0;33m8000 5 is eating[0m
[0;32m8000 3 is thinking[0m
[0;35m8000 3 has taken a fork[0m
[0;35m8005 3 has taken a fork[0m
[0;32m8005 1 is thinking[0m
[0;34m8005 2 is sleeping[0m
[0;33m8005 3 is eating[0m
[0;35m8005 1 has taken a fork[0m
[0;32m8200 4 is thinking[0m
[0;35m8200 1 has taken a fork[0m
[0;34m8200 5 is sleeping[0m
[0;33m8200 1 is eating[0m
[0;35m8205 4 has taken a fork[0m
[0;32m8205 2 is thinking[0m
[0;34m8205 3 is sleeping[0m
[0;35m8205 4 has taken a fork[0m
[0;33m8205 4 is eating[0m
[0;35m8400 2 has taken a fork[0m
[0;32m8400 5 is thinking[0m
[0;34m8400 1 is sleeping[0m
[0;35m8400 2 has taken a fork[0m
[0;33m8400 2 is eating[0m
[0;35m8405 5 has taken a fork[0m
[0;32m8405 3 is thinking[0m
[0;35m8405 5 has taken a fork[0m
[0;34m8405 4 is sleeping[0m
[0;33m8405 5 is eating[0m
[0;35m8410 3 has taken a fork[0m
[0;35m8600 3 has taken a fork[0m
[0;32m8600 1 is thinking[0m
[0;34m8600 2 is sleeping[0m
[0;33m8600 3 is eating[0m
[0;35m8605 1 has taken a fork[0m
[0;32m8605 4 is thinking[0m
[0;34m8605 5 is sleeping[0m
[0;35m8605 1 has taken a fork[0m
[0;33m8605 1 is eating[0m
[0;35m8800 4 has taken a fork[0m
[0;32m8800 2 is thinking[0m
[0;34m8800 3 is sleeping[0m
[0;35m8800 4 has taken a fork[0m
[0;33m8800 4 is eating[0m
[0;35m8805 2 has taken a fork[0m
[0;32m8805 5 is thinking[0m
[0;34m8805 1 is sleeping[0m
[0;35m8805 2 has taken a fork[0m
[0;33m8805 2 is eating[0m
[0;35m8805 5 has taken a fork[0m
[0;35m9000 5 has taken a fork[0m
[0;32m9000 3 is thinking[0m
[0;34m9000 4 is sleeping[0m
[0;33m9000 5 is eating[0m
[0;35m9000 3 has taken a fork[0m
[0;35m9005 3 has taken a fork[0m
[0;32m9005 1 is thinking[0m
[0;34m9005 2 is sleeping[0m
[0;33m9005 3 is eating[0m
[0;35m9005 1 has taken a fork[0m
[0;35m9200 1 has taken a fork[0m
[0;33m9200 1 is eating[0m
[0;34m9200 5 is sleeping[0m
[0;32m9200 4 is thinking[0m
[0;35m9205 4 has taken a fork[0m
[0;34m9205 3 is sleeping[0m
[0;35m9205 4 has taken a fork[0m
[0;32m9205 2 is thinking[0m
[0;33m9205 4 is eating[0m
[0;35m9400 2 has taken a fork[0m
[0;32m9400 5 is thinking[0m
[0;34m9400 1 is sleeping[0m
[0;35m9400 2 has taken a fork[0m
[0;33m9400 2 is eating[0m
[0;35m9405 5 has taken a fork[0m
[0;32m9405 3 is thinking[0m
[0;35m9405 5 has taken a fork[0m
[0;34m9405 4 is sleeping[0m
[0;33m9405 5 is eating[0m
[0;35m9410 3 has taken a fork[0m
[0;34m9600 2 is sleeping[0m
[0;35m9600 3 has taken a fork[0m
[0;33m9600 3 is eating[0m
[0;32m9600 1 is thinking[0m
[0;35m9605 1 has taken a fork[0m
[0;32m9605 4 is thinking[0m
[0;34m9605 5 is sleeping[0m
[0;35m9605 1 has taken a fork[0m
[0;33m9605 1 is eating[0m
[0;32m9800 2 is thinking[0m
[0;35m9800 4 has taken a fork[0m
[0;34m9800 3 is sleeping[0m
[0;35m9800 4 has taken a fork[0m
[0;33m9800 4 is eating[0m
[0;35m9805 2 has taken a fork[0m
[0;32m9805 5 is thinking[0m
[0;34m9805 1 is sleeping[0m
[0;35m9805 2 has taken a fork[0m
[0;33m9805 2 is eating[0m
[0;35m9805 5 has taken a fork[0m
[0;35m10000 5 has taken a fork[0m
[0;33m10000 5 is eating[0m
[0;34m10000 4 is sleeping[0m
[0;32m10000 3 is thinking[0m
[0;35m10000 3 has taken a fork[0m
[0;32m10005 1 is thinking[0m
[0;35m10005 3 has taken a fork[0m
[0;34m10005 2 is sleeping[0m
[0;35m10005 1 has taken a fork[0m
[0;33m10005 3 is eating[0m
[0;35m10200 1 has taken a fork[0m
[0;34m10200 5 is sleeping[0m
[0;33m10200 1 is eating[0m
[0;32m10200 4 is thinking[0m
[0;35m10205 4 has taken a fork[0m
[0;32m10205 2 is thinking[0m
[0;34m10205 3 is sleeping[0m
[0;35m10205 4 has taken a fork[0m
[0;33m10205 4 is eating[0m
[0;35m10400 2 has taken a fork[0m
[0;34m10400 1 is sleeping[0m
[0;32m10400 5 is thinking[0m
[0;35m10400 2 has taken a fork[0m
[0;33m10400 2 is eating[0m
[0;35m10